Using pre-set license
Built from '2020.3/staging' branch; Version is '2020.3.6f1 (338bb68529b2) revision 3378102'; Using compiler version '192528614'; Build Type 'Release'
OS: 'Windows 10 Home; OS build 19041.1052; Version 2004; 64bit' Language: 'it' Physical Memory: 16282 MB
BatchMode: 1, IsHumanControllingUs: 0, StartBugReporterOnCrash: 0, Is64bit: 1, IsPro: 0

 COMMAND LINE ARGUMENTS:
C:\Program Files\Unity\Hub\Editor\2020.3.6f1\Editor\Unity.exe
-adb2
-batchMode
-noUpm
-name
AssetImportWorker5
-projectPath
D:/Università/Tesi/ECAFramework/Tesi_ECA/ECAFramework
-logFile
Logs/AssetImportWorker5.log
-srvPort
54961
Successfully changed project path to: D:/Università/Tesi/ECAFramework/Tesi_ECA/ECAFramework
D:/Università/Tesi/ECAFramework/Tesi_ECA/ECAFramework
Using Asset Import Pipeline V2.
Refreshing native plugins compatible for Editor in 474.82 ms, found 8 plugins.
Preloading 0 native plugins for Editor in 0.00 ms.
Initialize engine version: 2020.3.6f1 (338bb68529b2)
[Subsystems] Discovering subsystems at path C:/Program Files/Unity/Hub/Editor/2020.3.6f1/Editor/Data/Resources/UnitySubsystems
[Subsystems] Discovering subsystems at path D:/Università/Tesi/ECAFramework/Tesi_ECA/ECAFramework/Assets
GfxDevice: creating device client; threaded=0
Direct3D:
    Version:  Direct3D 11.0 [level 11.0]
    Renderer: NVIDIA GeForce GTX 960M (ID=0x139b)
    Vendor:   
    VRAM:     4055 MB
    Driver:   27.21.14.6192
Shader 'Universal Render Pipeline/Particles/Lit': fallback shader 'Universal Render Pipeline/Particles/SimpleLit' not found
Initialize mono
Mono path[0] = 'C:/Program Files/Unity/Hub/Editor/2020.3.6f1/Editor/Data/Managed'
Mono path[1] = 'C:/Program Files/Unity/Hub/Editor/2020.3.6f1/Editor/Data/MonoBleedingEdge/lib/mono/unityjit'
Mono config path = 'C:/Program Files/Unity/Hub/Editor/2020.3.6f1/Editor/Data/MonoBleedingEdge/etc'
Using monoOptions --debugger-agent=transport=dt_socket,embedding=1,server=y,suspend=n,address=127.0.0.1:56024
Begin MonoManager ReloadAssembly
Registering precompiled unity dll's ...
Register platform support module: C:/Program Files/Unity/Hub/Editor/2020.3.6f1/Editor/Data/PlaybackEngines/WindowsStandaloneSupport/UnityEditor.WindowsStandalone.Extensions.dll
Registered in 0.007909 seconds.
Native extension for WindowsStandalone target not found
Refreshing native plugins compatible for Editor in 242.97 ms, found 8 plugins.
Preloading 0 native plugins for Editor in 0.00 ms.
Mono: successfully reloaded assembly
- Completed reload, in  8.023 seconds
Platform modules already initialized, skipping
Registering precompiled user dll's ...
Registered in 0.024883 seconds.
Begin MonoManager ReloadAssembly
Native extension for WindowsStandalone target not found
Refreshing native plugins compatible for Editor in 211.96 ms, found 8 plugins.
Preloading 0 native plugins for Editor in 0.00 ms.
Mono: successfully reloaded assembly
- Completed reload, in  3.650 seconds
Platform modules already initialized, skipping
========================================================================
Worker process is ready to serve import requests
Shader 'Universal Render Pipeline/Particles/Lit': fallback shader 'Universal Render Pipeline/Particles/SimpleLit' not found
Launched and connected shader compiler UnityShaderCompiler.exe after 0.13 seconds
D3D shader create error for vertex shader [0x80070057]
D3D shader create error for vertex shader [0x80070057]
D3D shader create error for vertex shader [0x80070057]
D3D shader create error for vertex shader [0x80070057]
D3D shader create error for domain shader [0x80070057]
D3D shader create error for domain shader [0x80070057]
Refreshing native plugins compatible for Editor in 3.32 ms, found 8 plugins.
Preloading 0 native plugins for Editor in 0.00 ms.
Unloading 5390 Unused Serialized files (Serialized files now loaded: 0)
System memory in use before: 259.5 MB.
System memory in use after: 259.6 MB.

Unloading 119 unused Assets to reduce memory usage. Loaded Objects now: 5786.
Total: 12.364200 ms (FindLiveObjects: 0.980700 ms CreateObjectMapping: 0.680200 ms MarkObjects: 10.052100 ms  DeleteObjects: 0.648200 ms)

========================================================================
Received Import Request.
  path: Assets/Demo/ConversationDemo/ConversationScene.unity
  artifactKey: Guid(87843db423799954f89fa980054bd76f) Importer(815301076,1909f56bfc062723c751e8b465ee728b)
Start importing Assets/Demo/ConversationDemo/ConversationScene.unity using Guid(87843db423799954f89fa980054bd76f) Importer(815301076,1909f56bfc062723c751e8b465ee728b)  -> (artifact id: '4892a55841db3f9781d35a73e2e63572') in 0.069530 seconds
  Import took 0.159949 seconds .

========================================================================
Received Import Request.
  Time since last request: 282.391342 seconds.
  path: Assets/Demo/ConversationDemo/Wheel
  artifactKey: Guid(8fb2e6cb9fc3e6445956910ba74ef0c7) Importer(815301076,1909f56bfc062723c751e8b465ee728b)
Start importing Assets/Demo/ConversationDemo/Wheel using Guid(8fb2e6cb9fc3e6445956910ba74ef0c7) Importer(815301076,1909f56bfc062723c751e8b465ee728b)  -> (artifact id: '0840e93b611e93c6b36e77b7a70a0aed') in 0.019340 seconds
  Import took 0.105428 seconds .

========================================================================
Received Prepare
Registering precompiled user dll's ...
Registered in 0.026508 seconds.
Begin MonoManager ReloadAssembly
Native extension for WindowsStandalone target not found
Refreshing native plugins compatible for Editor in 4.56 ms, found 8 plugins.
Preloading 0 native plugins for Editor in 0.00 ms.
Mono: successfully reloaded assembly
- Completed reload, in  2.097 seconds
Platform modules already initialized, skipping
Shader 'Universal Render Pipeline/Particles/Lit': fallback shader 'Universal Render Pipeline/Particles/SimpleLit' not found
D3D shader create error for vertex shader [0x80070057]
D3D shader create error for vertex shader [0x80070057]
D3D shader create error for vertex shader [0x80070057]
D3D shader create error for vertex shader [0x80070057]
D3D shader create error for domain shader [0x80070057]
D3D shader create error for domain shader [0x80070057]
Refreshing native plugins compatible for Editor in 2.03 ms, found 8 plugins.
Preloading 0 native plugins for Editor in 0.00 ms.
Unloading 5169 Unused Serialized files (Serialized files now loaded: 0)
System memory in use before: 241.8 MB.
System memory in use after: 241.9 MB.

Unloading 110 unused Assets to reduce memory usage. Loaded Objects now: 5791.
Total: 10.779400 ms (FindLiveObjects: 0.746500 ms CreateObjectMapping: 0.524400 ms MarkObjects: 9.013900 ms  DeleteObjects: 0.492100 ms)

========================================================================
Received Import Request.
  Time since last request: 413.046496 seconds.
  path: Assets/Demo/ConversationDemo/Objects
  artifactKey: Guid(2d7d9572f907c84498346fc6898810a0) Importer(815301076,1909f56bfc062723c751e8b465ee728b)
Start importing Assets/Demo/ConversationDemo/Objects using Guid(2d7d9572f907c84498346fc6898810a0) Importer(815301076,1909f56bfc062723c751e8b465ee728b)  -> (artifact id: '21a5918ed7659041dacb41d03d0478e6') in 0.017923 seconds
  Import took 0.083513 seconds .

========================================================================
Received Import Request.
  Time since last request: 6.969774 seconds.
  path: Assets/Demo/ConversationDemo/Scripts
  artifactKey: Guid(cb6162bddb12fbb47991252bca7a0525) Importer(815301076,1909f56bfc062723c751e8b465ee728b)
Start importing Assets/Demo/ConversationDemo/Scripts using Guid(cb6162bddb12fbb47991252bca7a0525) Importer(815301076,1909f56bfc062723c751e8b465ee728b)  -> (artifact id: '1c89f86a13ed9ced0c9f19b8f555dc4f') in 0.006655 seconds
  Import took 0.037851 seconds .

========================================================================
Received Import Request.
  Time since last request: 6.955896 seconds.
  path: Assets/Demo/ConversationDemo/Scripts/Objects
  artifactKey: Guid(f3a34dbee8df66e479b9dcc70bae3e43) Importer(815301076,1909f56bfc062723c751e8b465ee728b)
Start importing Assets/Demo/ConversationDemo/Scripts/Objects using Guid(f3a34dbee8df66e479b9dcc70bae3e43) Importer(815301076,1909f56bfc062723c751e8b465ee728b)  -> (artifact id: 'e5e91cfdba2ec0c5a44de53fc7b27549') in 0.009351 seconds
  Import took 0.026207 seconds .

========================================================================
Received Import Request.
  Time since last request: 9.329912 seconds.
  path: Assets/Demo/ConversationDemo/Scripts/Objects/Pin.cs
  artifactKey: Guid(ad3098cdfeb1ba249b6e645368d664ef) Importer(815301076,1909f56bfc062723c751e8b465ee728b)
Start importing Assets/Demo/ConversationDemo/Scripts/Objects/Pin.cs using Guid(ad3098cdfeb1ba249b6e645368d664ef) Importer(815301076,1909f56bfc062723c751e8b465ee728b)  -> (artifact id: '8ead32429c35709a74666cea48cdcf3c') in 0.065089 seconds
  Import took 0.106956 seconds .

========================================================================
Received Prepare
Registering precompiled user dll's ...
Registered in 0.029885 seconds.
Begin MonoManager ReloadAssembly
Native extension for WindowsStandalone target not found
Refreshing native plugins compatible for Editor in 2.40 ms, found 8 plugins.
Preloading 0 native plugins for Editor in 0.00 ms.
Mono: successfully reloaded assembly
- Completed reload, in  2.063 seconds
Platform modules already initialized, skipping
Shader 'Universal Render Pipeline/Particles/Lit': fallback shader 'Universal Render Pipeline/Particles/SimpleLit' not found
D3D shader create error for vertex shader [0x80070057]
D3D shader create error for vertex shader [0x80070057]
D3D shader create error for vertex shader [0x80070057]
D3D shader create error for vertex shader [0x80070057]
D3D shader create error for domain shader [0x80070057]
D3D shader create error for domain shader [0x80070057]
Refreshing native plugins compatible for Editor in 1.95 ms, found 8 plugins.
Preloading 0 native plugins for Editor in 0.00 ms.
Unloading 5170 Unused Serialized files (Serialized files now loaded: 0)
System memory in use before: 241.9 MB.
System memory in use after: 242.0 MB.

Unloading 110 unused Assets to reduce memory usage. Loaded Objects now: 5797.
Total: 10.836400 ms (FindLiveObjects: 0.882900 ms CreateObjectMapping: 0.647300 ms MarkObjects: 8.580700 ms  DeleteObjects: 0.723800 ms)

========================================================================
Received Import Request.
  Time since last request: 39.109263 seconds.
  path: Assets/Demo/ConversationDemo/Scripts/Objects/Wheel.cs
  artifactKey: Guid(4d62e6b348979c34fa2a8109c9b1720d) Importer(815301076,1909f56bfc062723c751e8b465ee728b)
Start importing Assets/Demo/ConversationDemo/Scripts/Objects/Wheel.cs using Guid(4d62e6b348979c34fa2a8109c9b1720d) Importer(815301076,1909f56bfc062723c751e8b465ee728b)  -> (artifact id: 'a1b4541f0654bde24004b5ca4fdf210c') in 0.018816 seconds
  Import took 0.088274 seconds .

========================================================================
Received Prepare
Registering precompiled user dll's ...
Registered in 0.025806 seconds.
Begin MonoManager ReloadAssembly
Native extension for WindowsStandalone target not found
Refreshing native plugins compatible for Editor in 1.97 ms, found 8 plugins.
Preloading 0 native plugins for Editor in 0.00 ms.
Mono: successfully reloaded assembly
- Completed reload, in  2.088 seconds
Platform modules already initialized, skipping
Shader 'Universal Render Pipeline/Particles/Lit': fallback shader 'Universal Render Pipeline/Particles/SimpleLit' not found
D3D shader create error for vertex shader [0x80070057]
D3D shader create error for vertex shader [0x80070057]
D3D shader create error for vertex shader [0x80070057]
D3D shader create error for vertex shader [0x80070057]
D3D shader create error for domain shader [0x80070057]
D3D shader create error for domain shader [0x80070057]
Refreshing native plugins compatible for Editor in 2.53 ms, found 8 plugins.
Preloading 0 native plugins for Editor in 0.00 ms.
Unloading 5171 Unused Serialized files (Serialized files now loaded: 0)
System memory in use before: 242.0 MB.
System memory in use after: 242.1 MB.

Unloading 110 unused Assets to reduce memory usage. Loaded Objects now: 5803.
Total: 9.970000 ms (FindLiveObjects: 0.958800 ms CreateObjectMapping: 0.478600 ms MarkObjects: 8.025900 ms  DeleteObjects: 0.504800 ms)

========================================================================
Received Prepare
Registering precompiled user dll's ...
Registered in 0.023667 seconds.
Begin MonoManager ReloadAssembly
Native extension for WindowsStandalone target not found
Refreshing native plugins compatible for Editor in 3.11 ms, found 8 plugins.
Preloading 0 native plugins for Editor in 0.00 ms.
Mono: successfully reloaded assembly
- Completed reload, in  1.971 seconds
Platform modules already initialized, skipping
Shader 'Universal Render Pipeline/Particles/Lit': fallback shader 'Universal Render Pipeline/Particles/SimpleLit' not found
D3D shader create error for vertex shader [0x80070057]
D3D shader create error for vertex shader [0x80070057]
D3D shader create error for vertex shader [0x80070057]
D3D shader create error for vertex shader [0x80070057]
D3D shader create error for domain shader [0x80070057]
D3D shader create error for domain shader [0x80070057]
Refreshing native plugins compatible for Editor in 2.32 ms, found 8 plugins.
Preloading 0 native plugins for Editor in 0.00 ms.
Unloading 5171 Unused Serialized files (Serialized files now loaded: 0)
System memory in use before: 242.0 MB.
System memory in use after: 242.1 MB.

Unloading 110 unused Assets to reduce memory usage. Loaded Objects now: 5808.
Total: 10.163100 ms (FindLiveObjects: 0.628600 ms CreateObjectMapping: 0.537300 ms MarkObjects: 8.481900 ms  DeleteObjects: 0.513800 ms)

========================================================================
Received Prepare
Registering precompiled user dll's ...
Registered in 0.021546 seconds.
Begin MonoManager ReloadAssembly
Native extension for WindowsStandalone target not found
Refreshing native plugins compatible for Editor in 2.57 ms, found 8 plugins.
Preloading 0 native plugins for Editor in 0.00 ms.
Mono: successfully reloaded assembly
- Completed reload, in  1.896 seconds
Platform modules already initialized, skipping
Shader 'Universal Render Pipeline/Particles/Lit': fallback shader 'Universal Render Pipeline/Particles/SimpleLit' not found
D3D shader create error for vertex shader [0x80070057]
D3D shader create error for vertex shader [0x80070057]
D3D shader create error for vertex shader [0x80070057]
D3D shader create error for vertex shader [0x80070057]
D3D shader create error for domain shader [0x80070057]
D3D shader create error for domain shader [0x80070057]
Refreshing native plugins compatible for Editor in 2.54 ms, found 8 plugins.
Preloading 0 native plugins for Editor in 0.00 ms.
Unloading 5171 Unused Serialized files (Serialized files now loaded: 0)
System memory in use before: 241.8 MB.
System memory in use after: 241.9 MB.

Unloading 110 unused Assets to reduce memory usage. Loaded Objects now: 5813.
Total: 10.481900 ms (FindLiveObjects: 0.699900 ms CreateObjectMapping: 0.682300 ms MarkObjects: 8.508900 ms  DeleteObjects: 0.589000 ms)

========================================================================
Received Import Request.
  Time since last request: 1000.396997 seconds.
  path: Assets/Demo/ConversationDemo/Scripts/ConversationalPatient.cs
  artifactKey: Guid(17af8cb9f49e9774cbceed69b4c9c8a1) Importer(815301076,1909f56bfc062723c751e8b465ee728b)
Start importing Assets/Demo/ConversationDemo/Scripts/ConversationalPatient.cs using Guid(17af8cb9f49e9774cbceed69b4c9c8a1) Importer(815301076,1909f56bfc062723c751e8b465ee728b)  -> (artifact id: '8b10673b516dbe1eaa7cb538fa56a903') in 0.017790 seconds
  Import took 0.034407 seconds .

========================================================================
Received Import Request.
  Time since last request: 0.036073 seconds.
  path: Assets/Demo/ConversationDemo/Scripts/ConversationalPatient.cs
  artifactKey: Guid(17af8cb9f49e9774cbceed69b4c9c8a1) Importer(815301076,1909f56bfc062723c751e8b465ee728b)
Start importing Assets/Demo/ConversationDemo/Scripts/ConversationalPatient.cs using Guid(17af8cb9f49e9774cbceed69b4c9c8a1) Importer(815301076,1909f56bfc062723c751e8b465ee728b)  -> (artifact id: '8b10673b516dbe1eaa7cb538fa56a903') in 0.013263 seconds
  Import took 0.043897 seconds .

========================================================================
Received Prepare
Registering precompiled user dll's ...
Registered in 0.027359 seconds.
Begin MonoManager ReloadAssembly
Native extension for WindowsStandalone target not found
Refreshing native plugins compatible for Editor in 4.73 ms, found 8 plugins.
Preloading 0 native plugins for Editor in 0.00 ms.
Mono: successfully reloaded assembly
- Completed reload, in  3.013 seconds
Platform modules already initialized, skipping
Shader 'Universal Render Pipeline/Particles/Lit': fallback shader 'Universal Render Pipeline/Particles/SimpleLit' not found
D3D shader create error for vertex shader [0x80070057]
D3D shader create error for vertex shader [0x80070057]
D3D shader create error for vertex shader [0x80070057]
D3D shader create error for vertex shader [0x80070057]
D3D shader create error for domain shader [0x80070057]
D3D shader create error for domain shader [0x80070057]
Refreshing native plugins compatible for Editor in 5.12 ms, found 8 plugins.
Preloading 0 native plugins for Editor in 0.00 ms.
Unloading 5171 Unused Serialized files (Serialized files now loaded: 0)
System memory in use before: 242.0 MB.
System memory in use after: 242.1 MB.

Unloading 110 unused Assets to reduce memory usage. Loaded Objects now: 5818.
Total: 14.651500 ms (FindLiveObjects: 1.331400 ms CreateObjectMapping: 0.814000 ms MarkObjects: 11.724700 ms  DeleteObjects: 0.779100 ms)

========================================================================
Received Prepare
Registering precompiled user dll's ...
Registered in 0.032839 seconds.
Begin MonoManager ReloadAssembly
Native extension for WindowsStandalone target not found
Refreshing native plugins compatible for Editor in 4.30 ms, found 8 plugins.
Preloading 0 native plugins for Editor in 0.00 ms.
Mono: successfully reloaded assembly
- Completed reload, in  3.470 seconds
Platform modules already initialized, skipping
Shader 'Universal Render Pipeline/Particles/Lit': fallback shader 'Universal Render Pipeline/Particles/SimpleLit' not found
D3D shader create error for vertex shader [0x80070057]
D3D shader create error for vertex shader [0x80070057]
D3D shader create error for vertex shader [0x80070057]
D3D shader create error for vertex shader [0x80070057]
D3D shader create error for domain shader [0x80070057]
D3D shader create error for domain shader [0x80070057]
Refreshing native plugins compatible for Editor in 2.40 ms, found 8 plugins.
Preloading 0 native plugins for Editor in 0.00 ms.
Unloading 5171 Unused Serialized files (Serialized files now loaded: 0)
System memory in use before: 242.0 MB.
System memory in use after: 242.1 MB.

Unloading 110 unused Assets to reduce memory usage. Loaded Objects now: 5823.
Total: 16.414000 ms (FindLiveObjects: 1.018100 ms CreateObjectMapping: 0.652700 ms MarkObjects: 13.772600 ms  DeleteObjects: 0.966900 ms)

========================================================================
Received Import Request.
  Time since last request: 149.468139 seconds.
  path: Assets/Demo/ConversationDemo/Scripts/ConversationalPatient.cs
  artifactKey: Guid(17af8cb9f49e9774cbceed69b4c9c8a1) Importer(815301076,1909f56bfc062723c751e8b465ee728b)
Start importing Assets/Demo/ConversationDemo/Scripts/ConversationalPatient.cs using Guid(17af8cb9f49e9774cbceed69b4c9c8a1) Importer(815301076,1909f56bfc062723c751e8b465ee728b)  -> (artifact id: '0242380a92d0b9de4f3beb01f40f56dd') in 0.041169 seconds
  Import took 0.140121 seconds .

========================================================================
Received Prepare
Registering precompiled user dll's ...
Registered in 0.038847 seconds.
Begin MonoManager ReloadAssembly
Native extension for WindowsStandalone target not found
Refreshing native plugins compatible for Editor in 2.86 ms, found 8 plugins.
Preloading 0 native plugins for Editor in 0.00 ms.
Mono: successfully reloaded assembly
- Completed reload, in  4.431 seconds
Platform modules already initialized, skipping
Shader 'Universal Render Pipeline/Particles/Lit': fallback shader 'Universal Render Pipeline/Particles/SimpleLit' not found
D3D shader create error for vertex shader [0x80070057]
D3D shader create error for vertex shader [0x80070057]
D3D shader create error for vertex shader [0x80070057]
D3D shader create error for vertex shader [0x80070057]
D3D shader create error for domain shader [0x80070057]
D3D shader create error for domain shader [0x80070057]
Refreshing native plugins compatible for Editor in 4.86 ms, found 8 plugins.
Preloading 0 native plugins for Editor in 0.00 ms.
Unloading 5171 Unused Serialized files (Serialized files now loaded: 0)
System memory in use before: 242.0 MB.
System memory in use after: 242.1 MB.

Unloading 110 unused Assets to reduce memory usage. Loaded Objects now: 5828.
Total: 21.755300 ms (FindLiveObjects: 0.678800 ms CreateObjectMapping: 0.538200 ms MarkObjects: 19.418400 ms  DeleteObjects: 1.117100 ms)

AssetImportWorkerClient::OnTransportError - code=2 error=End of file
