Using pre-set license
Built from '2020.3/staging' branch; Version is '2020.3.8f1 (507919d4fff5) revision 5273881'; Using compiler version '192528614'; Build Type 'Release'
OS: 'Windows 10 Home; OS build 19042.985; Version 2009; 64bit' Language: 'it' Physical Memory: 16222 MB
BatchMode: 1, IsHumanControllingUs: 0, StartBugReporterOnCrash: 0, Is64bit: 1, IsPro: 0

 COMMAND LINE ARGUMENTS:
C:\Program Files\Unity\2020.3.8f1\Editor\Unity.exe
-adb2
-batchMode
-noUpm
-name
AssetImportWorker0
-projectPath
C:/Users/franc/Documents/GitHub/Tesi_ECA/ECAFramework
-logFile
Logs/AssetImportWorker0.log
-srvPort
59827
Successfully changed project path to: C:/Users/franc/Documents/GitHub/Tesi_ECA/ECAFramework
C:/Users/franc/Documents/GitHub/Tesi_ECA/ECAFramework
Using Asset Import Pipeline V2.
Refreshing native plugins compatible for Editor in 143.03 ms, found 2 plugins.
Preloading 0 native plugins for Editor in 0.00 ms.
Initialize engine version: 2020.3.8f1 (507919d4fff5)
[Subsystems] Discovering subsystems at path C:/Program Files/Unity/2020.3.8f1/Editor/Data/Resources/UnitySubsystems
[Subsystems] Discovering subsystems at path C:/Users/franc/Documents/GitHub/Tesi_ECA/ECAFramework/Assets
GfxDevice: creating device client; threaded=0
Direct3D:
    Version:  Direct3D 11.0 [level 11.1]
    Renderer: NVIDIA GeForce RTX 2060 (ID=0x1f15)
    Vendor:   
    VRAM:     5980 MB
    Driver:   27.21.14.6627
Shader 'Universal Render Pipeline/Particles/Lit': fallback shader 'Universal Render Pipeline/Particles/SimpleLit' not found
Initialize mono
Mono path[0] = 'C:/Program Files/Unity/2020.3.8f1/Editor/Data/Managed'
Mono path[1] = 'C:/Program Files/Unity/2020.3.8f1/Editor/Data/MonoBleedingEdge/lib/mono/unityjit'
Mono config path = 'C:/Program Files/Unity/2020.3.8f1/Editor/Data/MonoBleedingEdge/etc'
Using monoOptions --debugger-agent=transport=dt_socket,embedding=1,server=y,suspend=n,address=127.0.0.1:56128
Begin MonoManager ReloadAssembly
Registering precompiled unity dll's ...
Register platform support module: C:/Program Files/Unity/2020.3.8f1/Editor/Data/PlaybackEngines/WindowsStandaloneSupport/UnityEditor.WindowsStandalone.Extensions.dll
Registered in 0.002221 seconds.
Native extension for WindowsStandalone target not found
Refreshing native plugins compatible for Editor in 122.96 ms, found 2 plugins.
Preloading 0 native plugins for Editor in 0.00 ms.
Mono: successfully reloaded assembly
- Completed reload, in  1.209 seconds
Platform modules already initialized, skipping
Registering precompiled user dll's ...
Registered in 0.014349 seconds.
Begin MonoManager ReloadAssembly
Native extension for WindowsStandalone target not found
Refreshing native plugins compatible for Editor in 126.37 ms, found 2 plugins.
Preloading 0 native plugins for Editor in 0.00 ms.
Mono: successfully reloaded assembly
- Completed reload, in  2.220 seconds
Platform modules already initialized, skipping
========================================================================
Worker process is ready to serve import requests
Shader 'Universal Render Pipeline/Particles/Lit': fallback shader 'Universal Render Pipeline/Particles/SimpleLit' not found
Launched and connected shader compiler UnityShaderCompiler.exe after 0.04 seconds
Refreshing native plugins compatible for Editor in 1.27 ms, found 2 plugins.
Preloading 0 native plugins for Editor in 0.00 ms.
Unloading 5350 Unused Serialized files (Serialized files now loaded: 0)
System memory in use before: 256.5 MB.
System memory in use after: 256.6 MB.

Unloading 81 unused Assets to reduce memory usage. Loaded Objects now: 5780.
Total: 6.986500 ms (FindLiveObjects: 0.476900 ms CreateObjectMapping: 0.372400 ms MarkObjects: 5.640600 ms  DeleteObjects: 0.495900 ms)

========================================================================
Received Import Request.
  path: Assets/Metro/Prefab/GrabObjTarget.prefab
  artifactKey: Guid(70b6fdfa903a68d4dbb772b3e304b02a) Importer(815301076,1909f56bfc062723c751e8b465ee728b)
Start importing Assets/Metro/Prefab/GrabObjTarget.prefab using Guid(70b6fdfa903a68d4dbb772b3e304b02a) Importer(815301076,1909f56bfc062723c751e8b465ee728b)  -> (artifact id: 'b04d9f4c0360d141fc8ab05acd7a7422') in 0.047919 seconds
  Import took 0.055003 seconds .

========================================================================
Received Import Request.
  Time since last request: 336.275066 seconds.
  path: Assets/Metro/Prefab/Passenger.prefab
  artifactKey: Guid(dfbf4d07ffc9fa74cbacc9b39d834143) Importer(815301076,1909f56bfc062723c751e8b465ee728b)
Start importing Assets/Metro/Prefab/Passenger.prefab using Guid(dfbf4d07ffc9fa74cbacc9b39d834143) Importer(815301076,1909f56bfc062723c751e8b465ee728b)  -> (artifact id: 'b0ee7a155772ff1587c02b44793061bd') in 1.927074 seconds
  Import took 1.946053 seconds .

========================================================================
Received Import Request.
  Time since last request: 0.000224 seconds.
  path: Assets/Metro/Prefab/Distributor.prefab
  artifactKey: Guid(b6ef7e621bc69b746865005e1a63a0f2) Importer(815301076,1909f56bfc062723c751e8b465ee728b)
Start importing Assets/Metro/Prefab/Distributor.prefab using Guid(b6ef7e621bc69b746865005e1a63a0f2) Importer(815301076,1909f56bfc062723c751e8b465ee728b)  -> (artifact id: '53c624f12a2a6a4b630ca05ba167bd33') in 0.027612 seconds
  Import took 0.043228 seconds .

========================================================================
Received Prepare
Registering precompiled user dll's ...
Registered in 0.014202 seconds.
Begin MonoManager ReloadAssembly
Native extension for WindowsStandalone target not found
Refreshing native plugins compatible for Editor in 1.40 ms, found 2 plugins.
Preloading 0 native plugins for Editor in 0.00 ms.
Mono: successfully reloaded assembly
- Completed reload, in  1.562 seconds
Platform modules already initialized, skipping
Shader 'Universal Render Pipeline/Particles/Lit': fallback shader 'Universal Render Pipeline/Particles/SimpleLit' not found
Refreshing native plugins compatible for Editor in 1.45 ms, found 2 plugins.
Preloading 0 native plugins for Editor in 0.00 ms.
Unloading 4959 Unused Serialized files (Serialized files now loaded: 0)
System memory in use before: 255.5 MB.
System memory in use after: 255.7 MB.

Unloading 73 unused Assets to reduce memory usage. Loaded Objects now: 5917.
Total: 6.423700 ms (FindLiveObjects: 0.519900 ms CreateObjectMapping: 0.305900 ms MarkObjects: 5.322900 ms  DeleteObjects: 0.274000 ms)

========================================================================
Received Prepare
Registering precompiled user dll's ...
Registered in 0.012245 seconds.
Begin MonoManager ReloadAssembly
Native extension for WindowsStandalone target not found
Refreshing native plugins compatible for Editor in 1.33 ms, found 2 plugins.
Preloading 0 native plugins for Editor in 0.00 ms.
Mono: successfully reloaded assembly
- Completed reload, in  1.457 seconds
Platform modules already initialized, skipping
Shader 'Universal Render Pipeline/Particles/Lit': fallback shader 'Universal Render Pipeline/Particles/SimpleLit' not found
Refreshing native plugins compatible for Editor in 1.32 ms, found 2 plugins.
Preloading 0 native plugins for Editor in 0.00 ms.
Unloading 4959 Unused Serialized files (Serialized files now loaded: 0)
System memory in use before: 255.6 MB.
System memory in use after: 255.8 MB.

Unloading 72 unused Assets to reduce memory usage. Loaded Objects now: 5922.
Total: 6.036000 ms (FindLiveObjects: 0.472100 ms CreateObjectMapping: 0.337000 ms MarkObjects: 4.873800 ms  DeleteObjects: 0.352300 ms)

========================================================================
Received Import Request.
  Time since last request: 1351.299610 seconds.
  path: Assets/DemoScripts/ECAAnimations/Stages/PickStage.cs
  artifactKey: Guid(deb0e7e1c173ab742b93209d5db0fe60) Importer(815301076,1909f56bfc062723c751e8b465ee728b)
Start importing Assets/DemoScripts/ECAAnimations/Stages/PickStage.cs using Guid(deb0e7e1c173ab742b93209d5db0fe60) Importer(815301076,1909f56bfc062723c751e8b465ee728b)  -> (artifact id: '9f81426b9ed9d42797e48854d609c99a') in 0.019841 seconds
  Import took 0.028222 seconds .

========================================================================
Received Import Request.
  Time since last request: 0.007528 seconds.
  path: Assets/DemoScripts/ECAAnimations/Stages/PickStage.cs
  artifactKey: Guid(deb0e7e1c173ab742b93209d5db0fe60) Importer(815301076,1909f56bfc062723c751e8b465ee728b)
Start importing Assets/DemoScripts/ECAAnimations/Stages/PickStage.cs using Guid(deb0e7e1c173ab742b93209d5db0fe60) Importer(815301076,1909f56bfc062723c751e8b465ee728b)  -> (artifact id: '9f81426b9ed9d42797e48854d609c99a') in 0.004091 seconds
  Import took 0.013129 seconds .

========================================================================
Received Import Request.
  Time since last request: 639.128203 seconds.
  path: Assets/ECAScripts/ECAAnimation/ECAParallelActionStage.cs
  artifactKey: Guid(edd0d890c4b7bc54490374b17b0dc898) Importer(815301076,1909f56bfc062723c751e8b465ee728b)
Start importing Assets/ECAScripts/ECAAnimation/ECAParallelActionStage.cs using Guid(edd0d890c4b7bc54490374b17b0dc898) Importer(815301076,1909f56bfc062723c751e8b465ee728b)  -> (artifact id: '518637b74e43efd922c593dc855ee06b') in 0.003307 seconds
  Import took 0.012985 seconds .

========================================================================
Received Prepare
Registering precompiled user dll's ...
Registered in 0.012979 seconds.
Begin MonoManager ReloadAssembly
Native extension for WindowsStandalone target not found
Refreshing native plugins compatible for Editor in 1.41 ms, found 2 plugins.
Preloading 0 native plugins for Editor in 0.00 ms.
Mono: successfully reloaded assembly
- Completed reload, in  1.530 seconds
Platform modules already initialized, skipping
Shader 'Universal Render Pipeline/Particles/Lit': fallback shader 'Universal Render Pipeline/Particles/SimpleLit' not found
Refreshing native plugins compatible for Editor in 1.32 ms, found 2 plugins.
Preloading 0 native plugins for Editor in 0.00 ms.
Unloading 4960 Unused Serialized files (Serialized files now loaded: 0)
System memory in use before: 255.7 MB.
System memory in use after: 255.8 MB.

Unloading 72 unused Assets to reduce memory usage. Loaded Objects now: 5928.
Total: 7.096400 ms (FindLiveObjects: 0.482800 ms CreateObjectMapping: 0.413700 ms MarkObjects: 5.799800 ms  DeleteObjects: 0.399400 ms)

========================================================================
Received Import Request.
  Time since last request: 21.898620 seconds.
  path: Assets/ECAScripts/ECAAnimation/ECACompositeAction.cs
  artifactKey: Guid(e5c23c5d43f39934ea38270984fd7c83) Importer(815301076,1909f56bfc062723c751e8b465ee728b)
Start importing Assets/ECAScripts/ECAAnimation/ECACompositeAction.cs using Guid(e5c23c5d43f39934ea38270984fd7c83) Importer(815301076,1909f56bfc062723c751e8b465ee728b)  -> (artifact id: '7d8c73d7288703d0ae4dfcffd550f85d') in 0.008634 seconds
  Import took 0.016472 seconds .

========================================================================
Received Import Request.
  Time since last request: 0.018030 seconds.
  path: Assets/ECAScripts/ECAAnimation/ECACompositeAction.cs
  artifactKey: Guid(e5c23c5d43f39934ea38270984fd7c83) Importer(815301076,1909f56bfc062723c751e8b465ee728b)
Start importing Assets/ECAScripts/ECAAnimation/ECACompositeAction.cs using Guid(e5c23c5d43f39934ea38270984fd7c83) Importer(815301076,1909f56bfc062723c751e8b465ee728b)  -> (artifact id: '7d8c73d7288703d0ae4dfcffd550f85d') in 0.002825 seconds
  Import took 0.014797 seconds .

========================================================================
Received Import Request.
  Time since last request: 123.611696 seconds.
  path: Assets/ECAScripts/ECAAnimation/ECAParallelActionStage.cs
  artifactKey: Guid(edd0d890c4b7bc54490374b17b0dc898) Importer(815301076,1909f56bfc062723c751e8b465ee728b)
Start importing Assets/ECAScripts/ECAAnimation/ECAParallelActionStage.cs using Guid(edd0d890c4b7bc54490374b17b0dc898) Importer(815301076,1909f56bfc062723c751e8b465ee728b)  -> (artifact id: 'bb382f68053edf9dbee4fdfa1cbd792e') in 0.002867 seconds
  Import took 0.010568 seconds .

========================================================================
Received Import Request.
  Time since last request: 0.002564 seconds.
  path: Assets/ECAScripts/ECAAnimation/ECAParallelActionStage.cs
  artifactKey: Guid(edd0d890c4b7bc54490374b17b0dc898) Importer(815301076,1909f56bfc062723c751e8b465ee728b)
Start importing Assets/ECAScripts/ECAAnimation/ECAParallelActionStage.cs using Guid(edd0d890c4b7bc54490374b17b0dc898) Importer(815301076,1909f56bfc062723c751e8b465ee728b)  -> (artifact id: 'bb382f68053edf9dbee4fdfa1cbd792e') in 0.002808 seconds
  Import took 0.011690 seconds .

========================================================================
Received Prepare
Registering precompiled user dll's ...
Registered in 0.013066 seconds.
Begin MonoManager ReloadAssembly
Native extension for WindowsStandalone target not found
Refreshing native plugins compatible for Editor in 1.25 ms, found 2 plugins.
Preloading 0 native plugins for Editor in 0.00 ms.
Mono: successfully reloaded assembly
- Completed reload, in  1.434 seconds
Platform modules already initialized, skipping
Shader 'Universal Render Pipeline/Particles/Lit': fallback shader 'Universal Render Pipeline/Particles/SimpleLit' not found
Refreshing native plugins compatible for Editor in 1.35 ms, found 2 plugins.
Preloading 0 native plugins for Editor in 0.00 ms.
Unloading 4960 Unused Serialized files (Serialized files now loaded: 0)
System memory in use before: 255.7 MB.
System memory in use after: 255.9 MB.

Unloading 72 unused Assets to reduce memory usage. Loaded Objects now: 5933.
Total: 7.238600 ms (FindLiveObjects: 0.510400 ms CreateObjectMapping: 0.306600 ms MarkObjects: 6.078800 ms  DeleteObjects: 0.342200 ms)

========================================================================
Received Import Request.
  Time since last request: 1379.273639 seconds.
  path: Assets/ECAScripts/ECAAnimation/ECAParallelActionStage.cs
  artifactKey: Guid(edd0d890c4b7bc54490374b17b0dc898) Importer(815301076,1909f56bfc062723c751e8b465ee728b)
Start importing Assets/ECAScripts/ECAAnimation/ECAParallelActionStage.cs using Guid(edd0d890c4b7bc54490374b17b0dc898) Importer(815301076,1909f56bfc062723c751e8b465ee728b)  -> (artifact id: '6a18fff56112175118d67b7a3ac33d54') in 0.008604 seconds
  Import took 0.016283 seconds .

========================================================================
Received Prepare
Registering precompiled user dll's ...
Registered in 0.012195 seconds.
Begin MonoManager ReloadAssembly
Native extension for WindowsStandalone target not found
Refreshing native plugins compatible for Editor in 1.26 ms, found 2 plugins.
Preloading 0 native plugins for Editor in 0.00 ms.
Mono: successfully reloaded assembly
- Completed reload, in  1.459 seconds
Platform modules already initialized, skipping
Shader 'Universal Render Pipeline/Particles/Lit': fallback shader 'Universal Render Pipeline/Particles/SimpleLit' not found
Refreshing native plugins compatible for Editor in 1.31 ms, found 2 plugins.
Preloading 0 native plugins for Editor in 0.00 ms.
Unloading 4960 Unused Serialized files (Serialized files now loaded: 0)
System memory in use before: 255.5 MB.
System memory in use after: 255.7 MB.

Unloading 72 unused Assets to reduce memory usage. Loaded Objects now: 5938.
Total: 6.820200 ms (FindLiveObjects: 0.516400 ms CreateObjectMapping: 0.343400 ms MarkObjects: 5.588700 ms  DeleteObjects: 0.370700 ms)

========================================================================
Received Import Request.
  Time since last request: 653.424020 seconds.
  path: Assets/ECAScripts/ECAAnimation/ECAParallelActionStage.cs
  artifactKey: Guid(edd0d890c4b7bc54490374b17b0dc898) Importer(815301076,1909f56bfc062723c751e8b465ee728b)
Start importing Assets/ECAScripts/ECAAnimation/ECAParallelActionStage.cs using Guid(edd0d890c4b7bc54490374b17b0dc898) Importer(815301076,1909f56bfc062723c751e8b465ee728b)  -> (artifact id: '4e89d1dff92b153552c65ff587f15c2f') in 0.008643 seconds
  Import took 0.019041 seconds .

========================================================================
Received Prepare
Registering precompiled user dll's ...
Registered in 0.012175 seconds.
Begin MonoManager ReloadAssembly
Native extension for WindowsStandalone target not found
Refreshing native plugins compatible for Editor in 1.31 ms, found 2 plugins.
Preloading 0 native plugins for Editor in 0.00 ms.
Mono: successfully reloaded assembly
- Completed reload, in  1.498 seconds
Platform modules already initialized, skipping
Shader 'Universal Render Pipeline/Particles/Lit': fallback shader 'Universal Render Pipeline/Particles/SimpleLit' not found
Refreshing native plugins compatible for Editor in 1.31 ms, found 2 plugins.
Preloading 0 native plugins for Editor in 0.00 ms.
Unloading 4960 Unused Serialized files (Serialized files now loaded: 0)
System memory in use before: 255.8 MB.
System memory in use after: 255.9 MB.

Unloading 72 unused Assets to reduce memory usage. Loaded Objects now: 5943.
Total: 6.398300 ms (FindLiveObjects: 0.646700 ms CreateObjectMapping: 0.354500 ms MarkObjects: 5.070400 ms  DeleteObjects: 0.325900 ms)

AssetImportWorkerClient::OnTransportError - code=2 error=End of file
