Using pre-set license
Built from '2020.3/staging' branch; Version is '2020.3.8f1 (507919d4fff5) revision 5273881'; Using compiler version '192528614'; Build Type 'Release'
OS: 'Windows 10 Home; OS build 19042.1052; Version 2009; 64bit' Language: 'it' Physical Memory: 16222 MB
BatchMode: 1, IsHumanControllingUs: 0, StartBugReporterOnCrash: 0, Is64bit: 1, IsPro: 0

 COMMAND LINE ARGUMENTS:
C:\Program Files\Unity\2020.3.8f1\Editor\Unity.exe
-adb2
-batchMode
-noUpm
-name
AssetImportWorker0
-projectPath
C:/Users/franc/Documents/GitHub/Tesi_ECA/ECAFramework
-logFile
Logs/AssetImportWorker0.log
-srvPort
51133
Successfully changed project path to: C:/Users/franc/Documents/GitHub/Tesi_ECA/ECAFramework
C:/Users/franc/Documents/GitHub/Tesi_ECA/ECAFramework
Using Asset Import Pipeline V2.
Refreshing native plugins compatible for Editor in 144.03 ms, found 2 plugins.
Preloading 0 native plugins for Editor in 0.00 ms.
Initialize engine version: 2020.3.8f1 (507919d4fff5)
[Subsystems] Discovering subsystems at path C:/Program Files/Unity/2020.3.8f1/Editor/Data/Resources/UnitySubsystems
[Subsystems] Discovering subsystems at path C:/Users/franc/Documents/GitHub/Tesi_ECA/ECAFramework/Assets
GfxDevice: creating device client; threaded=0
Direct3D:
    Version:  Direct3D 11.0 [level 11.1]
    Renderer: NVIDIA GeForce RTX 2060 (ID=0x1f15)
    Vendor:   
    VRAM:     5980 MB
    Driver:   27.21.14.6677
Shader 'Universal Render Pipeline/Particles/Lit': fallback shader 'Universal Render Pipeline/Particles/SimpleLit' not found
Initialize mono
Mono path[0] = 'C:/Program Files/Unity/2020.3.8f1/Editor/Data/Managed'
Mono path[1] = 'C:/Program Files/Unity/2020.3.8f1/Editor/Data/MonoBleedingEdge/lib/mono/unityjit'
Mono config path = 'C:/Program Files/Unity/2020.3.8f1/Editor/Data/MonoBleedingEdge/etc'
Using monoOptions --debugger-agent=transport=dt_socket,embedding=1,server=y,suspend=n,address=127.0.0.1:56224
Begin MonoManager ReloadAssembly
Registering precompiled unity dll's ...
Register platform support module: C:/Program Files/Unity/2020.3.8f1/Editor/Data/PlaybackEngines/WindowsStandaloneSupport/UnityEditor.WindowsStandalone.Extensions.dll
Registered in 0.002369 seconds.
Native extension for WindowsStandalone target not found
Refreshing native plugins compatible for Editor in 124.10 ms, found 2 plugins.
Preloading 0 native plugins for Editor in 0.00 ms.
Mono: successfully reloaded assembly
- Completed reload, in  1.422 seconds
Platform modules already initialized, skipping
Registering precompiled user dll's ...
Registered in 0.011272 seconds.
Begin MonoManager ReloadAssembly
Native extension for WindowsStandalone target not found
Refreshing native plugins compatible for Editor in 125.50 ms, found 2 plugins.
Preloading 0 native plugins for Editor in 0.00 ms.
Mono: successfully reloaded assembly
- Completed reload, in  2.152 seconds
Platform modules already initialized, skipping
========================================================================
Worker process is ready to serve import requests
Shader 'Universal Render Pipeline/Particles/Lit': fallback shader 'Universal Render Pipeline/Particles/SimpleLit' not found
Launched and connected shader compiler UnityShaderCompiler.exe after 0.04 seconds
Refreshing native plugins compatible for Editor in 1.96 ms, found 2 plugins.
Preloading 0 native plugins for Editor in 0.00 ms.
Unloading 5208 Unused Serialized files (Serialized files now loaded: 0)
System memory in use before: 233.5 MB.
System memory in use after: 233.6 MB.

Unloading 81 unused Assets to reduce memory usage. Loaded Objects now: 5625.
Total: 8.390100 ms (FindLiveObjects: 0.737900 ms CreateObjectMapping: 0.655300 ms MarkObjects: 6.649900 ms  DeleteObjects: 0.344900 ms)

========================================================================
Received Import Request.
  path: Assets/Demo/ACLSDemo/Scripts/ObjectTypes/Medicine.cs
  artifactKey: Guid(51c3f92f21cf7094d87a130cf114c29d) Importer(815301076,1909f56bfc062723c751e8b465ee728b)
Start importing Assets/Demo/ACLSDemo/Scripts/ObjectTypes/Medicine.cs using Guid(51c3f92f21cf7094d87a130cf114c29d) Importer(815301076,1909f56bfc062723c751e8b465ee728b)  -> (artifact id: '41b64f9c3455b87877db2e5154325665') in 0.037341 seconds
  Import took 0.048219 seconds .

========================================================================
Received Prepare
Registering precompiled user dll's ...
Registered in 0.012455 seconds.
Begin MonoManager ReloadAssembly
Native extension for WindowsStandalone target not found
Refreshing native plugins compatible for Editor in 1.50 ms, found 2 plugins.
Preloading 0 native plugins for Editor in 0.00 ms.
Mono: successfully reloaded assembly
- Completed reload, in  1.407 seconds
Platform modules already initialized, skipping
Shader 'Universal Render Pipeline/Particles/Lit': fallback shader 'Universal Render Pipeline/Particles/SimpleLit' not found
Refreshing native plugins compatible for Editor in 1.31 ms, found 2 plugins.
Preloading 0 native plugins for Editor in 0.00 ms.
Unloading 4993 Unused Serialized files (Serialized files now loaded: 0)
System memory in use before: 216.3 MB.
System memory in use after: 216.5 MB.

Unloading 72 unused Assets to reduce memory usage. Loaded Objects now: 5630.
Total: 6.886200 ms (FindLiveObjects: 0.508500 ms CreateObjectMapping: 0.263200 ms MarkObjects: 5.807700 ms  DeleteObjects: 0.305700 ms)

========================================================================
Received Import Request.
  Time since last request: 4511.276434 seconds.
  path: Assets/Demo/ACLSDemo/Prefabs/Syringe.prefab
  artifactKey: Guid(bdc58f56cd4b06d42a468d4423105fcb) Importer(815301076,1909f56bfc062723c751e8b465ee728b)
Start importing Assets/Demo/ACLSDemo/Prefabs/Syringe.prefab using Guid(bdc58f56cd4b06d42a468d4423105fcb) Importer(815301076,1909f56bfc062723c751e8b465ee728b)  -> (artifact id: 'be866eb4a7bebcd2c92afd360d5e7dc9') in 0.338153 seconds
  Import took 0.354199 seconds .

========================================================================
Received Import Request.
  Time since last request: 2.642419 seconds.
  path: Assets/Demo/ACLSDemo/Prefabs/Syringe.prefab
  artifactKey: Guid(bdc58f56cd4b06d42a468d4423105fcb) Importer(815301076,1909f56bfc062723c751e8b465ee728b)
Start importing Assets/Demo/ACLSDemo/Prefabs/Syringe.prefab using Guid(bdc58f56cd4b06d42a468d4423105fcb) Importer(815301076,1909f56bfc062723c751e8b465ee728b)  -> (artifact id: 'e367e526afdd27164a6d06b03ea6cd8d') in 0.011827 seconds
  Import took 0.019324 seconds .

========================================================================
Received Import Request.
  Time since last request: 0.009029 seconds.
  path: Assets/Demo/ACLSDemo/Prefabs/Syringe.prefab
  artifactKey: Guid(bdc58f56cd4b06d42a468d4423105fcb) Importer(815301076,1909f56bfc062723c751e8b465ee728b)
Start importing Assets/Demo/ACLSDemo/Prefabs/Syringe.prefab using Guid(bdc58f56cd4b06d42a468d4423105fcb) Importer(815301076,1909f56bfc062723c751e8b465ee728b)  -> (artifact id: 'e367e526afdd27164a6d06b03ea6cd8d') in 0.011876 seconds
  Import took 0.018884 seconds .

========================================================================
Received Import Request.
  Time since last request: 16.994339 seconds.
  path: Assets/Demo/ACLSDemo/Scripts/ObjectTypes/Medicin.cs
  artifactKey: Guid(892691c2688ec72449634fcef8cf8fab) Importer(815301076,1909f56bfc062723c751e8b465ee728b)
Start importing Assets/Demo/ACLSDemo/Scripts/ObjectTypes/Medicin.cs using Guid(892691c2688ec72449634fcef8cf8fab) Importer(815301076,1909f56bfc062723c751e8b465ee728b)  -> (artifact id: 'fc15a5cdd388188ca9f20e011fb32201') in 0.003464 seconds
  Import took 0.010944 seconds .

========================================================================
Received Prepare
Registering precompiled user dll's ...
Registered in 0.011777 seconds.
Begin MonoManager ReloadAssembly
Native extension for WindowsStandalone target not found
Refreshing native plugins compatible for Editor in 1.41 ms, found 2 plugins.
Preloading 0 native plugins for Editor in 0.00 ms.
Mono: successfully reloaded assembly
- Completed reload, in  1.675 seconds
Platform modules already initialized, skipping
Shader 'Universal Render Pipeline/Particles/Lit': fallback shader 'Universal Render Pipeline/Particles/SimpleLit' not found
Refreshing native plugins compatible for Editor in 1.31 ms, found 2 plugins.
Preloading 0 native plugins for Editor in 0.00 ms.
Unloading 4992 Unused Serialized files (Serialized files now loaded: 0)
System memory in use before: 225.0 MB.
System memory in use after: 225.1 MB.

Unloading 72 unused Assets to reduce memory usage. Loaded Objects now: 5764.
Total: 7.993400 ms (FindLiveObjects: 0.510700 ms CreateObjectMapping: 0.277200 ms MarkObjects: 6.735500 ms  DeleteObjects: 0.468800 ms)

========================================================================
Received Prepare
Registering precompiled user dll's ...
Registered in 0.011494 seconds.
Begin MonoManager ReloadAssembly
Native extension for WindowsStandalone target not found
Refreshing native plugins compatible for Editor in 1.35 ms, found 2 plugins.
Preloading 0 native plugins for Editor in 0.00 ms.
Mono: successfully reloaded assembly
- Completed reload, in  1.505 seconds
Platform modules already initialized, skipping
Shader 'Universal Render Pipeline/Particles/Lit': fallback shader 'Universal Render Pipeline/Particles/SimpleLit' not found
Refreshing native plugins compatible for Editor in 1.32 ms, found 2 plugins.
Preloading 0 native plugins for Editor in 0.00 ms.
Unloading 4992 Unused Serialized files (Serialized files now loaded: 0)
System memory in use before: 225.0 MB.
System memory in use after: 225.2 MB.

Unloading 72 unused Assets to reduce memory usage. Loaded Objects now: 5769.
Total: 6.595000 ms (FindLiveObjects: 0.566900 ms CreateObjectMapping: 0.283400 ms MarkObjects: 5.361500 ms  DeleteObjects: 0.382200 ms)

========================================================================
Received Prepare
Registering precompiled user dll's ...
Registered in 0.011201 seconds.
Begin MonoManager ReloadAssembly
Native extension for WindowsStandalone target not found
Refreshing native plugins compatible for Editor in 1.30 ms, found 2 plugins.
Preloading 0 native plugins for Editor in 0.00 ms.
Mono: successfully reloaded assembly
- Completed reload, in  1.415 seconds
Platform modules already initialized, skipping
Shader 'Universal Render Pipeline/Particles/Lit': fallback shader 'Universal Render Pipeline/Particles/SimpleLit' not found
Refreshing native plugins compatible for Editor in 1.47 ms, found 2 plugins.
Preloading 0 native plugins for Editor in 0.00 ms.
Unloading 4992 Unused Serialized files (Serialized files now loaded: 0)
System memory in use before: 225.1 MB.
System memory in use after: 225.2 MB.

Unloading 72 unused Assets to reduce memory usage. Loaded Objects now: 5774.
Total: 6.452200 ms (FindLiveObjects: 0.498800 ms CreateObjectMapping: 0.324700 ms MarkObjects: 5.320000 ms  DeleteObjects: 0.307200 ms)

========================================================================
Received Import Request.
  Time since last request: 2233.817455 seconds.
  path: Assets/Demo/ACLSDemo/Prefabs/Syringe.prefab
  artifactKey: Guid(bdc58f56cd4b06d42a468d4423105fcb) Importer(815301076,1909f56bfc062723c751e8b465ee728b)
Start importing Assets/Demo/ACLSDemo/Prefabs/Syringe.prefab using Guid(bdc58f56cd4b06d42a468d4423105fcb) Importer(815301076,1909f56bfc062723c751e8b465ee728b)  -> (artifact id: 'aa7986cf3d192daf35939579a8d0b84f') in 0.341496 seconds
  Import took 0.349803 seconds .

========================================================================
Received Prepare
Registering precompiled user dll's ...
Registered in 0.011532 seconds.
Begin MonoManager ReloadAssembly
Native extension for WindowsStandalone target not found
Refreshing native plugins compatible for Editor in 1.39 ms, found 2 plugins.
Preloading 0 native plugins for Editor in 0.00 ms.
Mono: successfully reloaded assembly
- Completed reload, in  1.454 seconds
Platform modules already initialized, skipping
Shader 'Universal Render Pipeline/Particles/Lit': fallback shader 'Universal Render Pipeline/Particles/SimpleLit' not found
Refreshing native plugins compatible for Editor in 1.36 ms, found 2 plugins.
Preloading 0 native plugins for Editor in 0.00 ms.
Unloading 4992 Unused Serialized files (Serialized files now loaded: 0)
System memory in use before: 225.1 MB.
System memory in use after: 225.2 MB.

Unloading 72 unused Assets to reduce memory usage. Loaded Objects now: 5899.
Total: 6.473500 ms (FindLiveObjects: 0.775900 ms CreateObjectMapping: 0.309400 ms MarkObjects: 5.086500 ms  DeleteObjects: 0.300400 ms)

========================================================================
Received Prepare
Registering precompiled user dll's ...
Registered in 0.012220 seconds.
Begin MonoManager ReloadAssembly
Native extension for WindowsStandalone target not found
Refreshing native plugins compatible for Editor in 1.48 ms, found 2 plugins.
Preloading 0 native plugins for Editor in 0.00 ms.
Mono: successfully reloaded assembly
- Completed reload, in  1.474 seconds
Platform modules already initialized, skipping
Shader 'Universal Render Pipeline/Particles/Lit': fallback shader 'Universal Render Pipeline/Particles/SimpleLit' not found
Refreshing native plugins compatible for Editor in 1.32 ms, found 2 plugins.
Preloading 0 native plugins for Editor in 0.00 ms.
Unloading 4992 Unused Serialized files (Serialized files now loaded: 0)
System memory in use before: 225.3 MB.
System memory in use after: 225.4 MB.

Unloading 72 unused Assets to reduce memory usage. Loaded Objects now: 5904.
Total: 6.250000 ms (FindLiveObjects: 0.530700 ms CreateObjectMapping: 0.340300 ms MarkObjects: 5.021900 ms  DeleteObjects: 0.356200 ms)

========================================================================
Received Prepare
Registering precompiled user dll's ...
Registered in 0.011603 seconds.
Begin MonoManager ReloadAssembly
Native extension for WindowsStandalone target not found
Refreshing native plugins compatible for Editor in 1.53 ms, found 2 plugins.
Preloading 0 native plugins for Editor in 0.00 ms.
Mono: successfully reloaded assembly
- Completed reload, in  1.454 seconds
Platform modules already initialized, skipping
Shader 'Universal Render Pipeline/Particles/Lit': fallback shader 'Universal Render Pipeline/Particles/SimpleLit' not found
Refreshing native plugins compatible for Editor in 1.36 ms, found 2 plugins.
Preloading 0 native plugins for Editor in 0.00 ms.
Unloading 4992 Unused Serialized files (Serialized files now loaded: 0)
System memory in use before: 225.3 MB.
System memory in use after: 225.4 MB.

Unloading 72 unused Assets to reduce memory usage. Loaded Objects now: 5909.
Total: 7.447000 ms (FindLiveObjects: 0.614800 ms CreateObjectMapping: 0.614700 ms MarkObjects: 5.828900 ms  DeleteObjects: 0.387500 ms)

========================================================================
Received Prepare
Registering precompiled user dll's ...
Registered in 0.011303 seconds.
Begin MonoManager ReloadAssembly
Native extension for WindowsStandalone target not found
Refreshing native plugins compatible for Editor in 1.32 ms, found 2 plugins.
Preloading 0 native plugins for Editor in 0.00 ms.
Mono: successfully reloaded assembly
- Completed reload, in  1.446 seconds
Platform modules already initialized, skipping
Shader 'Universal Render Pipeline/Particles/Lit': fallback shader 'Universal Render Pipeline/Particles/SimpleLit' not found
Refreshing native plugins compatible for Editor in 1.33 ms, found 2 plugins.
Preloading 0 native plugins for Editor in 0.00 ms.
Unloading 4992 Unused Serialized files (Serialized files now loaded: 0)
System memory in use before: 225.3 MB.
System memory in use after: 225.5 MB.

Unloading 72 unused Assets to reduce memory usage. Loaded Objects now: 5914.
Total: 8.753200 ms (FindLiveObjects: 0.702800 ms CreateObjectMapping: 0.414000 ms MarkObjects: 7.225800 ms  DeleteObjects: 0.409000 ms)

========================================================================
Received Prepare
Registering precompiled user dll's ...
Registered in 0.012969 seconds.
Begin MonoManager ReloadAssembly
Native extension for WindowsStandalone target not found
Refreshing native plugins compatible for Editor in 1.27 ms, found 2 plugins.
Preloading 0 native plugins for Editor in 0.00 ms.
Mono: successfully reloaded assembly
- Completed reload, in  1.420 seconds
Platform modules already initialized, skipping
Shader 'Universal Render Pipeline/Particles/Lit': fallback shader 'Universal Render Pipeline/Particles/SimpleLit' not found
Refreshing native plugins compatible for Editor in 1.45 ms, found 2 plugins.
Preloading 0 native plugins for Editor in 0.00 ms.
Unloading 4992 Unused Serialized files (Serialized files now loaded: 0)
System memory in use before: 225.3 MB.
System memory in use after: 225.5 MB.

Unloading 72 unused Assets to reduce memory usage. Loaded Objects now: 5919.
Total: 6.704200 ms (FindLiveObjects: 0.911900 ms CreateObjectMapping: 0.371200 ms MarkObjects: 4.951600 ms  DeleteObjects: 0.468200 ms)

AssetImportWorkerClient::OnTransportError - code=2 error=End of file
